<?xml version="1.0" encoding="UTF-8"?>
<!-- Generated by org.testng.reporters.JUnitReportReporter -->
<testsuite hostname="LTIN520434" failures="0" tests="18" name="testCases.TC_001_loan" time="10.851" errors="0" timestamp="2024-02-23T11:55:24 IST" skipped="0">
  <testcase classname="testCases.TC_001_loan" name="clickcarLoan" time="0.080"/>
  <testcase classname="testCases.TC_001_loan" name="setCarLoanValues" time="0.888"/>
  <testcase classname="testCases.TC_001_loan" name="clickEmi" time="0.055"/>
  <testcase classname="testCases.TC_001_loan" name="ArrearsCarLoanPage" time="0.152"/>
  <testcase classname="testCases.TC_001_loan" name="AdvanceCarLoanPage" time="0.257"/>
  <testcase classname="testCases.TC_001_loan" name="clickHomeLoan" time="0.839"/>
  <testcase classname="testCases.TC_001_loan" name="setHomeLoanValues" time="1.557"/>
  <testcase classname="testCases.TC_001_loan" name="scrollHomeLoanPage" time="0.017"/>
  <testcase classname="testCases.TC_001_loan" name="handletableheader" time="1.524"/>
  <testcase classname="testCases.TC_001_loan" name="table" time="3.946"/>
  <testcase classname="testCases.TC_001_loan" name="clickLoanCalculator" time="0.854"/>
  <testcase classname="testCases.TC_001_loan" name="checkEmiUI" time="0.127"/>
  <testcase classname="testCases.TC_001_loan" name="checkEmiscale" time="0.068"/>
  <testcase classname="testCases.TC_001_loan" name="clickLoanAmountCalculator" time="0.038"/>
  <testcase classname="testCases.TC_001_loan" name="checkLoanAmountCalculatorUI" time="0.159"/>
  <testcase classname="testCases.TC_001_loan" name="checkLoanAmountcale" time="0.120"/>
  <testcase classname="testCases.TC_001_loan" name="clickLoanTenureCalculator" time="0.040"/>
  <testcase classname="testCases.TC_001_loan" name="checkLoanTenureCalculatorUI" time="0.130"/>
</testsuite> <!-- testCases.TC_001_loan -->
