<?xml version="1.0" encoding="UTF-8"?>
<!-- Generated by org.testng.reporters.JUnitReportReporter -->
<testsuite hostname="LTIN520434" failures="0" tests="8" name="testCases.TC_003_LoanCalculator" time="79.402" errors="0" timestamp="2024-02-27T16:43:26 IST" skipped="0">
  <testcase classname="testCases.TC_003_LoanCalculator" name="clickLoanCalculator" time="77.945"/>
  <testcase classname="testCases.TC_003_LoanCalculator" name="checkEmiUI" time="0.250"/>
  <testcase classname="testCases.TC_003_LoanCalculator" name="checkEmiscale" time="0.165"/>
  <testcase classname="testCases.TC_003_LoanCalculator" name="clickLoanAmountCalculator" time="0.088"/>
  <testcase classname="testCases.TC_003_LoanCalculator" name="checkLoanAmountCalculatorUI" time="0.285"/>
  <testcase classname="testCases.TC_003_LoanCalculator" name="checkLoanAmountscale" time="0.277"/>
  <testcase classname="testCases.TC_003_LoanCalculator" name="clickLoanTenureCalculator" time="0.102"/>
  <testcase classname="testCases.TC_003_LoanCalculator" name="checkLoanTenureCalculatorUI" time="0.290"/>
</testsuite> <!-- testCases.TC_003_LoanCalculator -->
