<?xml version="1.0" encoding="UTF-8"?>
<!-- Generated by org.testng.reporters.JUnitReportReporter -->
<testsuite hostname="LTIN520434" failures="0" tests="8" name="testCases.TC_002_HomeLoan" time="145.093" errors="0" timestamp="2024-02-27T16:43:26 IST" skipped="0">
  <testcase classname="testCases.TC_002_HomeLoan" name="clickHomeLoan" time="131.495"/>
  <testcase classname="testCases.TC_002_HomeLoan" name="setHomeLoanValues" time="3.164"/>
  <testcase classname="testCases.TC_002_HomeLoan" name="monthlyPaymentDisplayed" time="0.129"/>
  <testcase classname="testCases.TC_002_HomeLoan" name="totalPaymentDisplayed" time="0.084"/>
  <testcase classname="testCases.TC_002_HomeLoan" name="scrollHomeLoanPage" time="0.035"/>
  <testcase classname="testCases.TC_002_HomeLoan" name="handletableheader" time="2.131"/>
  <testcase classname="testCases.TC_002_HomeLoan" name="table" time="8.022"/>
  <testcase classname="testCases.TC_002_HomeLoan" name="pagetop" time="0.033"/>
</testsuite> <!-- testCases.TC_002_HomeLoan -->
