<?xml version="1.0" encoding="UTF-8"?>
<!-- Generated by org.testng.reporters.JUnitReportReporter -->
<testsuite hostname="LTIN520434" failures="0" tests="17" name="testCases.TC_001_Carloan" time="3.971" errors="0" timestamp="2024-02-27T16:43:26 IST" skipped="0">
  <testcase classname="testCases.TC_001_Carloan" name="clickcarLoan" time="1.607"/>
  <testcase classname="testCases.TC_001_Carloan" name="CarLoanAmount" time="0.469"/>
  <testcase classname="testCases.TC_001_Carloan" name="validateCarLoanAmount" time="0.007"/>
  <testcase classname="testCases.TC_001_Carloan" name="InterestRate" time="0.699"/>
  <testcase classname="testCases.TC_001_Carloan" name="validateInterestRate" time="0.004"/>
  <testcase classname="testCases.TC_001_Carloan" name="LoanTenure" time="0.300"/>
  <testcase classname="testCases.TC_001_Carloan" name="validateLoanTenure" time="0.002"/>
  <testcase classname="testCases.TC_001_Carloan" name="clickEmiArrears" time="0.115"/>
  <testcase classname="testCases.TC_001_Carloan" name="scrollDownArrearsCarLoanPage" time="0.042"/>
  <testcase classname="testCases.TC_001_Carloan" name="interestArrearsCarLoanPage" time="0.194"/>
  <testcase classname="testCases.TC_001_Carloan" name="principalAmountArrearsCarLoanPage" time="0.042"/>
  <testcase classname="testCases.TC_001_Carloan" name="scrollUpCarLoanPage" time="0.042"/>
  <testcase classname="testCases.TC_001_Carloan" name="clickEmiAdvance" time="0.112"/>
  <testcase classname="testCases.TC_001_Carloan" name="scrollDownAdvanceCarLoanPage" time="0.040"/>
  <testcase classname="testCases.TC_001_Carloan" name="interestAdvanceCarLoanPage" time="0.141"/>
  <testcase classname="testCases.TC_001_Carloan" name="principalAmountAdvanceCarLoanPage" time="0.106"/>
  <testcase classname="testCases.TC_001_Carloan" name="scrollUpPage" time="0.049"/>
</testsuite> <!-- testCases.TC_001_Carloan -->
